  car.c
C:\CProjects\TrafficSimulator\TrafficSimulatorOpenGL\include\car.h(4,10): warning C4067: unexpected tokens following preprocessor directive - expected a newline
  main.c
C:\CProjects\TrafficSimulator\TrafficSimulatorOpenGL\src\main.c(84,47): warning C4047: 'function': 'GLuint' differs in levels of indirection from 'GLuint *'
C:\CProjects\TrafficSimulator\TrafficSimulatorOpenGL\src\main.c(84,43): warning C4024: '__glewBindBuffer': different types for formal and actual parameter 2
  points.c
  roads.c
  shaderProcessing.c
C:\CProjects\TrafficSimulator\TrafficSimulatorOpenGL\src\shaderProcessing.c(28,25): warning C4047: 'function': 'char *' differs in levels of indirection from 'char (*)[80]'
C:\CProjects\TrafficSimulator\TrafficSimulatorOpenGL\src\shaderProcessing.c(28,18): warning C4024: 'fgets': different types for formal and actual parameter 1
C:\CProjects\TrafficSimulator\TrafficSimulatorOpenGL\src\shaderProcessing.c(29,31): warning C4047: 'function': 'const char *' differs in levels of indirection from 'char (*)[80]'
C:\CProjects\TrafficSimulator\TrafficSimulatorOpenGL\src\shaderProcessing.c(29,24): warning C4024: 'strcat': different types for formal and actual parameter 2
C:\CProjects\TrafficSimulator\TrafficSimulatorOpenGL\src\shaderProcessing.c(30,23): warning C4047: 'function': 'char *' differs in levels of indirection from 'char (*)[80]'
C:\CProjects\TrafficSimulator\TrafficSimulatorOpenGL\src\shaderProcessing.c(30,16): warning C4024: 'strcpy': different types for formal and actual parameter 1
  Generating Code...
  LINK : C:\CProjects\TrafficSimulator\TrafficSimulatorOpenGL\x64\Debug\TrafficSimulator.exe not found or not built by the last incremental link; performing full link
LINK : warning LNK4098: defaultlib 'LIBCMT' conflicts with use of other libs; use /NODEFAULTLIB:library
LINK : warning LNK4217: symbol '__glewAttachShader' defined in 'glew32s.lib(glew.obj)' is imported by 'shaderProcessing.obj' in function 'createShaderProgram'
LINK : warning LNK4217: symbol '__glewCompileShader' defined in 'glew32s.lib(glew.obj)' is imported by 'shaderProcessing.obj' in function 'compileShader'
LINK : warning LNK4217: symbol '__glewCreateProgram' defined in 'glew32s.lib(glew.obj)' is imported by 'shaderProcessing.obj' in function 'createShaderProgram'
LINK : warning LNK4217: symbol '__glewCreateShader' defined in 'glew32s.lib(glew.obj)' is imported by 'shaderProcessing.obj' in function 'compileShader'
LINK : warning LNK4217: symbol '__glewDeleteProgram' defined in 'glew32s.lib(glew.obj)' is imported by 'shaderProcessing.obj' in function 'setUpShaderProgram'
LINK : warning LNK4217: symbol '__glewDeleteShader' defined in 'glew32s.lib(glew.obj)' is imported by 'shaderProcessing.obj' in function 'compileShader'
LINK : warning LNK4217: symbol '__glewGetProgramiv' defined in 'glew32s.lib(glew.obj)' is imported by 'shaderProcessing.obj' in function 'createShaderProgram'
LINK : warning LNK4217: symbol '__glewGetShaderInfoLog' defined in 'glew32s.lib(glew.obj)' is imported by 'shaderProcessing.obj' in function 'compileShader'
LINK : warning LNK4217: symbol '__glewGetShaderiv' defined in 'glew32s.lib(glew.obj)' is imported by 'shaderProcessing.obj' in function 'compileShader'
LINK : warning LNK4217: symbol '__glewLinkProgram' defined in 'glew32s.lib(glew.obj)' is imported by 'shaderProcessing.obj' in function 'createShaderProgram'
LINK : warning LNK4217: symbol '__glewShaderSource' defined in 'glew32s.lib(glew.obj)' is imported by 'shaderProcessing.obj' in function 'compileShader'
LINK : warning LNK4217: symbol '__glewUseProgram' defined in 'glew32s.lib(glew.obj)' is imported by 'shaderProcessing.obj' in function 'setUpShaderProgram'
LINK : warning LNK4217: symbol '__glewValidateProgram' defined in 'glew32s.lib(glew.obj)' is imported by 'shaderProcessing.obj' in function 'createShaderProgram'
glew32s.lib(glew.obj) : warning LNK4099: PDB 'vc120.pdb' was not found with 'glew32s.lib(glew.obj)' or at 'C:\CProjects\TrafficSimulator\TrafficSimulatorOpenGL\x64\Debug\vc120.pdb'; linking object as if no debug info
glfw3.lib(context.obj) : warning LNK4099: PDB 'glfw3.pdb' was not found with 'glfw3.lib(context.obj)' or at 'C:\CProjects\TrafficSimulator\TrafficSimulatorOpenGL\x64\Debug\glfw3.pdb'; linking object as if no debug info
glfw3.lib(init.obj) : warning LNK4099: PDB 'glfw3.pdb' was not found with 'glfw3.lib(init.obj)' or at 'C:\CProjects\TrafficSimulator\TrafficSimulatorOpenGL\x64\Debug\glfw3.pdb'; linking object as if no debug info
glfw3.lib(input.obj) : warning LNK4099: PDB 'glfw3.pdb' was not found with 'glfw3.lib(input.obj)' or at 'C:\CProjects\TrafficSimulator\TrafficSimulatorOpenGL\x64\Debug\glfw3.pdb'; linking object as if no debug info
glfw3.lib(monitor.obj) : warning LNK4099: PDB 'glfw3.pdb' was not found with 'glfw3.lib(monitor.obj)' or at 'C:\CProjects\TrafficSimulator\TrafficSimulatorOpenGL\x64\Debug\glfw3.pdb'; linking object as if no debug info
glfw3.lib(platform.obj) : warning LNK4099: PDB '' was not found with 'glfw3.lib(platform.obj)' or at ''; linking object as if no debug info
glfw3.lib(vulkan.obj) : warning LNK4099: PDB 'glfw3.pdb' was not found with 'glfw3.lib(vulkan.obj)' or at 'C:\CProjects\TrafficSimulator\TrafficSimulatorOpenGL\x64\Debug\glfw3.pdb'; linking object as if no debug info
glfw3.lib(window.obj) : warning LNK4099: PDB 'glfw3.pdb' was not found with 'glfw3.lib(window.obj)' or at 'C:\CProjects\TrafficSimulator\TrafficSimulatorOpenGL\x64\Debug\glfw3.pdb'; linking object as if no debug info
glfw3.lib(egl_context.obj) : warning LNK4099: PDB 'glfw3.pdb' was not found with 'glfw3.lib(egl_context.obj)' or at 'C:\CProjects\TrafficSimulator\TrafficSimulatorOpenGL\x64\Debug\glfw3.pdb'; linking object as if no debug info
glfw3.lib(osmesa_context.obj) : warning LNK4099: PDB '' was not found with 'glfw3.lib(osmesa_context.obj)' or at ''; linking object as if no debug info
glfw3.lib(null_init.obj) : warning LNK4099: PDB '' was not found with 'glfw3.lib(null_init.obj)' or at ''; linking object as if no debug info
glfw3.lib(null_monitor.obj) : warning LNK4099: PDB 'glfw3.pdb' was not found with 'glfw3.lib(null_monitor.obj)' or at 'C:\CProjects\TrafficSimulator\TrafficSimulatorOpenGL\x64\Debug\glfw3.pdb'; linking object as if no debug info
glfw3.lib(null_window.obj) : warning LNK4099: PDB 'glfw3.pdb' was not found with 'glfw3.lib(null_window.obj)' or at 'C:\CProjects\TrafficSimulator\TrafficSimulatorOpenGL\x64\Debug\glfw3.pdb'; linking object as if no debug info
glfw3.lib(null_joystick.obj) : warning LNK4099: PDB 'glfw3.pdb' was not found with 'glfw3.lib(null_joystick.obj)' or at 'C:\CProjects\TrafficSimulator\TrafficSimulatorOpenGL\x64\Debug\glfw3.pdb'; linking object as if no debug info
glfw3.lib(win32_module.obj) : warning LNK4099: PDB 'glfw3.pdb' was not found with 'glfw3.lib(win32_module.obj)' or at 'C:\CProjects\TrafficSimulator\TrafficSimulatorOpenGL\x64\Debug\glfw3.pdb'; linking object as if no debug info
glfw3.lib(win32_time.obj) : warning LNK4099: PDB 'glfw3.pdb' was not found with 'glfw3.lib(win32_time.obj)' or at 'C:\CProjects\TrafficSimulator\TrafficSimulatorOpenGL\x64\Debug\glfw3.pdb'; linking object as if no debug info
glfw3.lib(win32_thread.obj) : warning LNK4099: PDB 'glfw3.pdb' was not found with 'glfw3.lib(win32_thread.obj)' or at 'C:\CProjects\TrafficSimulator\TrafficSimulatorOpenGL\x64\Debug\glfw3.pdb'; linking object as if no debug info
glfw3.lib(win32_init.obj) : warning LNK4099: PDB 'glfw3.pdb' was not found with 'glfw3.lib(win32_init.obj)' or at 'C:\CProjects\TrafficSimulator\TrafficSimulatorOpenGL\x64\Debug\glfw3.pdb'; linking object as if no debug info
glfw3.lib(win32_joystick.obj) : warning LNK4099: PDB 'glfw3.pdb' was not found with 'glfw3.lib(win32_joystick.obj)' or at 'C:\CProjects\TrafficSimulator\TrafficSimulatorOpenGL\x64\Debug\glfw3.pdb'; linking object as if no debug info
glfw3.lib(win32_monitor.obj) : warning LNK4099: PDB 'glfw3.pdb' was not found with 'glfw3.lib(win32_monitor.obj)' or at 'C:\CProjects\TrafficSimulator\TrafficSimulatorOpenGL\x64\Debug\glfw3.pdb'; linking object as if no debug info
glfw3.lib(win32_window.obj) : warning LNK4099: PDB 'glfw3.pdb' was not found with 'glfw3.lib(win32_window.obj)' or at 'C:\CProjects\TrafficSimulator\TrafficSimulatorOpenGL\x64\Debug\glfw3.pdb'; linking object as if no debug info
glfw3.lib(wgl_context.obj) : warning LNK4099: PDB 'glfw3.pdb' was not found with 'glfw3.lib(wgl_context.obj)' or at 'C:\CProjects\TrafficSimulator\TrafficSimulatorOpenGL\x64\Debug\glfw3.pdb'; linking object as if no debug info
  TrafficSimulator.vcxproj -> C:\CProjects\TrafficSimulator\TrafficSimulatorOpenGL\x64\Debug\TrafficSimulator.exe
